2025/02/04 06:53:53 dec.go:107: Decryption completed in 0s. File size: 1.5 MB
2025/02/04 06:53:53 dec.go:107: Decryption completed in 0s. File size: 1.3 MB
2025/02/04 06:53:53 dec.go:50: Starting decryption of file: D:\333\2024-02\IMG_2278.png.fp1013Panda
2025/02/04 06:53:53 dec.go:107: Decryption completed in 0s. File size: 981 kB
2025/02/04 06:53:53 dec.go:107: Decryption completed in 0s. File size: 933 kB
2025/02/04 06:53:53 dec.go:107: Decryption completed in 0s. File size: 702 kB
2025/02/04 06:53:53 dec.go:50: Starting decryption of file: D:\333\2024-12\IMG_3320.png.fp1013Panda
2025/02/04 06:53:53 dec.go:50: Starting decryption of file: D:\333\2024-11\IMG_2757.png.fp1013Panda
2025/02/04 06:53:53 dec.go:50: Starting decryption of file: D:\333\2024-01\IMG_1443.png.fp1013Panda
2025/02/04 06:53:53 dec.go:107: Decryption completed in 0s. File size: 76 kB
2025/02/04 06:53:53 dec.go:107: Decryption completed in 0s. File size: 342 kB
2025/02/04 06:53:53 dec.go:107: Decryption completed in 0s. File size: 7.8 MB
2025/02/04 06:53:53 dec.go:50: Starting decryption of file: D:\333\2024-02\IMG_2279.jpg.fp1013Panda
2025/02/04 06:53:53 dec.go:107: Decryption completed in 0s. File size: 12 MB
2025/02/04 06:53:53 dec.go:50: Starting decryption of file: D:\333\2024-11\IMG_2758.png.fp1013Panda
2025/02/04 06:53:53 dec.go:50: Starting decryption of file: D:\333\2024-12\IMG_3321.png.fp1013Panda
2025/02/04 06:53:53 dec.go:107: Decryption completed in 0s. File size: 199 kB
2025/02/04 06:53:53 dec.go:107: Decryption completed in 1s. File size: 12 MB
2025/02/04 06:53:53 dec.go:50: Starting decryption of file: D:\333\2024-01\IMG_1444.png.fp1013Panda
2025/02/04 06:53:53 dec.go:50: Starting decryption of file: D:\333\2024-02\IMG_2280.jpg.fp1013Panda
2025/02/04 06:53:53 dec.go:107: Decryption completed in 0s. File size: 205 kB
2025/02/04 06:53:53 dec.go:50: Starting decryption of file: D:\333\2024-11\IMG_2759.png.fp1013Panda
2025/02/04 06:53:53 dec.go:50: Starting decryption of file: D:\333\2024-12\IMG_3322.png.fp1013Panda
2025/02/04 06:53:53 dec.go:107: Decryption completed in 0s. File size: 1.0 MB
2025/02/04 06:53:53 dec.go:50: Starting decryption of file: D:\333\2024-01\IMG_1445.heic.fp1013Panda
2025/02/04 06:53:53 dec.go:50: Starting decryption of file: D:\333\2024-02\IMG_2281.jpg.fp1013Panda
2025/02/04 06:53:53 dec.go:107: Decryption completed in 0s. File size: 271 kB
2025/02/04 06:53:53 dec.go:107: Decryption completed in 0s. File size: 266 kB
2025/02/04 06:53:53 dec.go:107: Decryption completed in 0s. File size: 1.9 MB
2025/02/04 06:53:53 dec.go:107: Decryption completed in 1s. File size: 23 MB
2025/02/04 06:53:53 dec.go:107: Decryption completed in 0s. File size: 282 kB
2025/02/04 06:53:53 dec.go:50: Starting decryption of file: D:\333\2024-11\IMG_2760.png.fp1013Panda
2025/02/04 06:53:53 dec.go:50: Starting decryption of file: D:\333\2024-12\IMG_3323.jpg.fp1013Panda
2025/02/04 06:53:53 dec.go:107: Decryption completed in 0s. File size: 1.4 MB
2025/02/04 06:53:53 dec.go:107: Decryption completed in 0s. File size: 199 kB
2025/02/04 06:53:53 dec.go:107: Decryption completed in 0s. File size: 1.3 MB
2025/02/04 06:53:53 dec.go:50: Starting decryption of file: D:\333\2024-01\IMG_1445.mov.fp1013Panda
2025/02/04 06:53:53 dec.go:107: Decryption completed in 0s. File size: 1.1 MB
2025/02/04 06:53:53 dec.go:107: Decryption completed in 0s. File size: 3.3 MB
2025/02/04 06:53:53 dec.go:107: Decryption completed in 0s. File size: 246 kB
2025/02/04 06:53:53 dec.go:107: Decryption completed in 0s. File size: 249 kB
2025/02/04 06:53:53 dec.go:107: Decryption completed in 0s. File size: 5.0 MB
2025/02/04 06:53:53 dec.go:50: Starting decryption of file: D:\333\2024-02\IMG_2282.png.fp1013Panda
2025/02/04 06:53:53 dec.go:50: Starting decryption of file: D:\333\2024-11\IMG_2761.png.fp1013Panda
2025/02/04 06:53:53 dec.go:50: Starting decryption of file: D:\333\2024-12\IMG_3324.jpg.fp1013Panda
2025/02/04 06:53:53 dec.go:50: Starting decryption of file: D:\333\2024-01\IMG_1446.heic.fp1013Panda
2025/02/04 06:53:53 dec.go:50: Starting decryption of file: D:\333\2024-02\IMG_2283.jpg.fp1013Panda
2025/02/04 06:53:53 dec.go:50: Starting decryption of file: D:\333\2024-11\IMG_2762.png.fp1013Panda
2025/02/04 06:53:53 dec.go:50: Starting decryption of file: D:\333\2024-12\IMG_3325.jpg.fp1013Panda
2025/02/04 06:53:53 dec.go:50: Starting decryption of file: D:\333\2024-01\IMG_1447.0.heic.fp1013Panda
2025/02/04 06:53:53 dec.go:50: Starting decryption of file: D:\333\2024-02\IMG_2284.jpg.fp1013Panda
2025/02/04 06:53:53 dec.go:50: Starting decryption of file: D:\333\2024-11\IMG_2763.png.fp1013Panda
2025/02/04 06:53:53 dec.go:107: Decryption completed in 0s. File size: 3.7 MB
2025/02/04 06:53:53 dec.go:50: Starting decryption of file: D:\333\2024-12\IMG_3326.png.fp1013Panda
2025/02/04 06:53:53 dec.go:50: Starting decryption of file: D:\333\2024-01\IMG_1447.heic.fp1013Panda
2025/02/04 06:53:53 dec.go:107: Decryption completed in 0s. File size: 2.1 MB
2025/02/04 06:53:53 dec.go:107: Decryption completed in 0s. File size: 3.5 MB
2025/02/04 06:53:53 dec.go:107: Decryption completed in 0s. File size: 3.4 MB
2025/02/04 06:53:53 dec.go:107: Decryption completed in 0s. File size: 234 kB
2025/02/04 06:53:53 dec.go:107: Decryption completed in 0s. File size: 1.6 MB
2025/02/04 06:53:53 dec.go:107: Decryption completed in 0s. File size: 9.2 MB
2025/02/04 06:53:53 dec.go:50: Starting decryption of file: D:\333\2024-02\IMG_2285.png.fp1013Panda
2025/02/04 06:53:53 dec.go:50: Starting decryption of file: D:\333\2024-11\IMG_2770.jpg.fp1013Panda
2025/02/04 06:53:53 dec.go:50: Starting decryption of file: D:\333\2024-12\IMG_3327.png.fp1013Panda
2025/02/04 06:53:53 dec.go:107: Decryption completed in 0s. File size: 3.8 MB
2025/02/04 06:53:53 dec.go:50: Starting decryption of file: D:\333\2024-01\IMG_1448.0.heic.fp1013Panda
2025/02/04 06:53:54 dec.go:107: Decryption completed in 0s. File size: 1000 kB
2025/02/04 06:53:54 dec.go:50: Starting decryption of file: D:\333\2024-02\IMG_2286.png.fp1013Panda
2025/02/04 06:53:54 dec.go:107: Decryption completed in 0s. File size: 2.0 MB
2025/02/04 06:53:54 dec.go:107: Decryption completed in 0s. File size: 178 kB
2025/02/04 06:53:54 dec.go:50: Starting decryption of file: D:\333\2024-11\IMG_2771.jpg.fp1013Panda
2025/02/04 06:53:54 dec.go:50: Starting decryption of file: D:\333\2024-12\IMG_3328.png.fp1013Panda
2025/02/04 06:53:54 dec.go:50: Starting decryption of file: D:\333\2024-01\IMG_1448.heic.fp1013Panda
2025/02/04 06:53:54 dec.go:107: Decryption completed in 0s. File size: 1.2 MB
2025/02/04 06:53:54 dec.go:107: Decryption completed in 0s. File size: 6.6 MB
2025/02/04 06:53:54 dec.go:107: Decryption completed in 0s. File size: 3.3 MB
2025/02/04 06:53:54 dec.go:107: Decryption completed in 0s. File size: 1.5 MB
2025/02/04 06:53:54 dec.go:50: Starting decryption of file: D:\333\2024-02\IMG_2287.mp4.fp1013Panda
2025/02/04 06:53:54 dec.go:107: Decryption completed in 0s. File size: 2.2 MB
2025/02/04 06:53:54 dec.go:107: Decryption completed in 0s. File size: 2.4 MB
2025/02/04 06:53:54 dec.go:50: Starting decryption of file: D:\333\2024-11\IMG_2773.png.fp1013Panda
2025/02/04 06:53:54 dec.go:50: Starting decryption of file: D:\333\2024-12\IMG_3329.jpg.fp1013Panda
2025/02/04 06:53:54 dec.go:107: Decryption completed in 0s. File size: 7.6 MB
2025/02/04 06:53:54 dec.go:50: Starting decryption of file: D:\333\2024-01\IMG_1449.0.heic.fp1013Panda
2025/02/04 06:53:54 dec.go:50: Starting decryption of file: D:\333\2024-02\IMG_2288.jpg.fp1013Panda
2025/02/04 06:53:54 dec.go:50: Starting decryption of file: D:\333\2024-11\IMG_2774.png.fp1013Panda
2025/02/04 06:53:54 dec.go:107: Decryption completed in 0s. File size: 1.4 MB
2025/02/04 06:53:54 dec.go:50: Starting decryption of file: D:\333\2024-12\IMG_3330.heic.fp1013Panda
2025/02/04 06:53:54 dec.go:50: Starting decryption of file: D:\333\2024-02\IMG_2289.jpg.fp1013Panda
2025/02/04 06:53:54 dec.go:107: Decryption completed in 0s. File size: 981 kB
2025/02/04 06:53:54 dec.go:50: Starting decryption of file: D:\333\2024-01\IMG_1449.heic.fp1013Panda
2025/02/04 06:53:54 dec.go:50: Starting decryption of file: D:\333\2024-11\IMG_2775.jpg.fp1013Panda
2025/02/04 06:53:54 dec.go:107: Decryption completed in 0s. File size: 1.5 MB
2025/02/04 06:53:54 dec.go:107: Decryption completed in 0s. File size: 1.0 MB
2025/02/04 06:53:54 dec.go:50: Starting decryption of file: D:\333\2024-12\IMG_3331.heic.fp1013Panda
2025/02/04 06:53:54 dec.go:50: Starting decryption of file: D:\333\2024-02\IMG_2290.jpg.fp1013Panda
2025/02/04 06:53:54 dec.go:107: Decryption completed in 0s. File size: 3.6 MB
2025/02/04 06:53:54 dec.go:50: Starting decryption of file: D:\333\2024-11\IMG_2777.0.jpg.fp1013Panda
2025/02/04 06:53:54 dec.go:50: Starting decryption of file: D:\333\2024-01\IMG_1450.png.fp1013Panda
2025/02/04 06:53:54 dec.go:107: Decryption completed in 0s. File size: 7.8 MB
2025/02/04 06:53:54 dec.go:50: Starting decryption of file: D:\333\2024-12\IMG_3331.mov.fp1013Panda
2025/02/04 06:53:54 dec.go:107: Decryption completed in 0s. File size: 737 kB
2025/02/04 06:53:54 dec.go:50: Starting decryption of file: D:\333\2024-02\IMG_2291.heic.fp1013Panda
2025/02/04 06:53:54 dec.go:50: Starting decryption of file: D:\333\2024-11\IMG_2777.jpg.fp1013Panda
2025/02/04 06:53:54 dec.go:50: Starting decryption of file: D:\333\2024-01\IMG_1451.jpg.fp1013Panda
2025/02/04 06:53:54 dec.go:107: Decryption completed in 0s. File size: 254 kB
2025/02/04 06:53:54 dec.go:50: Starting decryption of file: D:\333\2024-12\IMG_3332.heic.fp1013Panda
2025/02/04 06:53:54 dec.go:107: Decryption completed in 0s. File size: 1.3 MB
2025/02/04 06:53:54 dec.go:107: Decryption completed in 0s. File size: 688 kB
2025/02/04 06:53:54 dec.go:107: Decryption completed in 1s. File size: 42 MB
2025/02/04 06:53:54 dec.go:107: Decryption completed in 0s. File size: 1.7 MB
2025/02/04 06:53:54 dec.go:107: Decryption completed in 0s. File size: 2.0 MB
2025/02/04 06:53:54 dec.go:50: Starting decryption of file: D:\333\2024-02\IMG_2291.mov.fp1013Panda
2025/02/04 06:53:54 dec.go:107: Decryption completed in 0s. File size: 7.2 MB
2025/02/04 06:53:54 dec.go:107: Decryption completed in 0s. File size: 4.0 MB
2025/02/04 06:53:54 dec.go:50: Starting decryption of file: D:\333\2024-11\IMG_2778.jpg.fp1013Panda
2025/02/04 06:53:54 dec.go:107: Decryption completed in 0s. File size: 2.8 MB
2025/02/04 06:53:54 dec.go:107: Decryption completed in 0s. File size: 8.4 MB
2025/02/04 06:53:54 dec.go:107: Decryption completed in 0s. File size: 1.7 MB
2025/02/04 06:53:54 dec.go:50: Starting decryption of file: D:\333\2024-01\IMG_1452.heic.fp1013Panda
2025/02/04 06:53:54 dec.go:50: Starting decryption of file: D:\333\2024-12\IMG_3332.mov.fp1013Panda
2025/02/04 06:53:54 dec.go:107: Decryption completed in 0s. File size: 3.9 MB
2025/02/04 06:53:54 dec.go:107: Decryption completed in 0s. File size: 14 MB
2025/02/04 06:53:54 dec.go:107: Decryption completed in 0s. File size: 771 kB
2025/02/04 06:53:54 dec.go:107: Decryption completed in 0s. File size: 252 kB
2025/02/04 06:53:54 dec.go:107: Decryption completed in 3s. File size: 96 MB
